<?xml version="1.0" encoding="UTF-8"?>
<!-- Generated by org.testng.reporters.JUnitXMLReporter -->
<testsuite hostname="DESKTOP-2O8OOI9" name="Default test" tests="4" failures="0" timestamp="4 Aug 2020 00:21:59 GMT" time="64.391" errors="0">
  <testcase name="loginOhrm" time="8.181" classname="selenium.com.qa.ohrm.tests.LoginTest"/>
  <testcase name="navigateToAddUsersSection" time="11.916" classname="selenium.com.qa.ohrm.tests.HomeTest"/>
  <testcase name="addUserTest" time="19.932" classname="selenium.com.qa.ohrm.tests.HomeTest"/>
  <testcase name="searchAndDeleteUser" time="17.254" classname="selenium.com.qa.ohrm.tests.HomeTest"/>
</testsuite> <!-- Default test -->
